\BOOKMARK [0][-]{chapter.3}{\376\377\0001\000\040\000I\000n\000t\000r\000o\000d\000u\000c\000t\000i\000o\000n}{}% 1
\BOOKMARK [1][-]{section.4}{\376\377\0001\000.\0001\000\040\000W\000h\000y\000\040\000i\000s\000\040\000t\000h\000i\000s\000\040\000h\000a\000r\000d\000?}{chapter.3}% 2
\BOOKMARK [1][-]{section.7}{\376\377\0001\000.\0002\000\040\000D\000e\000s\000i\000g\000n\000\040\000C\000o\000n\000s\000i\000d\000e\000r\000a\000t\000i\000o\000n\000s}{chapter.3}% 3
\BOOKMARK [0][-]{chapter.12}{\376\377\0002\000\040\000T\000h\000e\000\040\000B\000a\000s\000i\000c\000\040\000Q\000R\000\040\000A\000l\000g\000o\000r\000i\000t\000h\000m}{}% 4
\BOOKMARK [1][-]{section.13}{\376\377\0002\000.\0001\000\040\000P\000r\000e\000l\000i\000m\000i\000n\000a\000r\000i\000e\000s}{chapter.12}% 5
\BOOKMARK [2][-]{subsection.14}{\376\377\0002\000.\0001\000.\0001\000\040\000S\000i\000m\000i\000l\000a\000r\000i\000t\000y\000\040\000T\000r\000a\000n\000s\000f\000o\000r\000m\000a\000t\000i\000o\000n\000s}{section.13}% 6
\BOOKMARK [2][-]{subsection.16}{\376\377\0002\000.\0001\000.\0002\000\040\000U\000n\000i\000t\000a\000r\000y\000\040\000M\000a\000t\000r\000i\000c\000e\000s}{section.13}% 7
\BOOKMARK [2][-]{subsection.18}{\376\377\0002\000.\0001\000.\0003\000\040\000S\000c\000h\000u\000r\000\040\000D\000e\000c\000o\000m\000p\000o\000s\000i\000t\000i\000o\000n}{section.13}% 8
\BOOKMARK [2][-]{subsection.20}{\376\377\0002\000.\0001\000.\0004\000\040\000H\000e\000s\000s\000e\000n\000b\000e\000r\000g\000\040\000F\000o\000r\000m}{section.13}% 9
\BOOKMARK [1][-]{section.22}{\376\377\0002\000.\0002\000\040\000T\000h\000e\000\040\000B\000a\000s\000i\000c\000\040\000I\000d\000e\000a\000\040\000B\000e\000h\000i\000n\000d\000\040\000Q\000R}{chapter.12}% 10
\BOOKMARK [1][-]{section.31}{\376\377\0002\000.\0003\000\040\000I\000m\000p\000r\000o\000v\000i\000n\000g\000\040\000t\000h\000e\000\040\000Q\000R\000\040\000A\000l\000g\000o\000r\000i\000t\000h\000m}{chapter.12}% 11
\BOOKMARK [0][-]{chapter.34}{\376\377\0003\000\040\000T\000h\000e\000\040\000H\000e\000s\000s\000e\000n\000b\000e\000r\000g\000\040\000Q\000R\000\040\000A\000l\000g\000o\000r\000i\000t\000h\000m}{}% 12
\BOOKMARK [1][-]{section.37}{\376\377\0003\000.\0001\000\040\000H\000o\000u\000s\000e\000h\000o\000l\000d\000e\000r\000\040\000R\000e\000f\000l\000e\000c\000t\000o\000r\000s}{chapter.34}% 13
\BOOKMARK [2][-]{subsection.45}{\376\377\0003\000.\0001\000.\0001\000\040\000A\000l\000g\000o\000r\000i\000t\000h\000m\000\040\000t\000o\000\040\000C\000o\000n\000v\000e\000r\000t\000\040\000t\000o\000\040\000H\000e\000s\000s\000e\000n\000b\000e\000r\000g\000\040\000F\000o\000r\000m}{section.37}% 14
\BOOKMARK [1][-]{section.55}{\376\377\0003\000.\0002\000\040\000G\000i\000v\000e\000n\000s\000\040\000R\000o\000t\000a\000t\000i\000o\000n\000s}{chapter.34}% 15
\BOOKMARK [1][-]{section.68}{\376\377\0003\000.\0003\000\040\000C\000o\000m\000p\000l\000e\000x\000i\000t\000y}{chapter.34}% 16
\BOOKMARK [0][-]{chapter.74}{\376\377\0004\000\040\000A\000d\000d\000r\000e\000s\000s\000i\000n\000g\000\040\000C\000o\000n\000v\000e\000r\000g\000e\000n\000c\000e\000\040\000I\000s\000s\000u\000e\000s}{}% 17
\BOOKMARK [1][-]{section.75}{\376\377\0004\000.\0001\000\040\000D\000o\000e\000s\000\040\000t\000h\000e\000\040\000A\000l\000g\000o\000r\000i\000t\000h\000m\000\040\000A\000l\000w\000a\000y\000s\000\040\000C\000o\000n\000v\000e\000r\000g\000e\000?}{chapter.74}% 18
\BOOKMARK [2][-]{subsection.76}{\376\377\0004\000.\0001\000.\0001\000\040\000N\000e\000c\000e\000s\000s\000a\000r\000y\000\040\000C\000o\000n\000d\000i\000t\000i\000o\000n\000\040\000F\000o\000r\000\040\000C\000o\000n\000v\000e\000r\000g\000e\000n\000c\000e}{section.75}% 19
\BOOKMARK [2][-]{subsection.82}{\376\377\0004\000.\0001\000.\0002\000\040\000W\000h\000a\000t\000\040\000H\000a\000p\000p\000e\000n\000s\000\040\000i\000f\000\040\000A\000b\000s\000o\000l\000u\000t\000e\000\040\000V\000a\000l\000u\000e\000s\000\040\000a\000r\000e\000\040\000n\000o\000t\000\040\000U\000n\000i\000q\000u\000e\000?}{section.75}% 20
\BOOKMARK [0][-]{chapter.84}{\376\377\0005\000\040\000R\000a\000y\000l\000e\000i\000g\000h\000\040\000Q\000u\000o\000t\000i\000e\000n\000t\000s\000\040\000a\000n\000d\000\040\000W\000i\000l\000k\000i\000n\000s\000o\000n\000\040\000S\000h\000i\000f\000t\000s}{}% 21
\BOOKMARK [1][-]{section.85}{\376\377\0005\000.\0001\000\040\000W\000h\000y\000\040\000S\000h\000i\000f\000t\000?}{chapter.84}% 22
\BOOKMARK [1][-]{section.91}{\376\377\0005\000.\0002\000\040\000R\000a\000y\000l\000e\000i\000g\000h\000\040\000Q\000u\000o\000t\000i\000e\000n\000t\000s}{chapter.84}% 23
\BOOKMARK [2][-]{subsection.92}{\376\377\0005\000.\0002\000.\0001\000\040\000T\000h\000e\000\040\000M\000e\000t\000h\000o\000d}{section.91}% 24
\BOOKMARK [2][-]{subsection.107}{\376\377\0005\000.\0002\000.\0002\000\040\000W\000h\000e\000r\000e\000\040\000D\000o\000e\000s\000\040\000i\000t\000\040\000F\000a\000i\000l\000?}{section.91}% 25
\BOOKMARK [1][-]{section.109}{\376\377\0005\000.\0003\000\040\000W\000i\000l\000k\000i\000n\000s\000o\000n\000\040\000S\000h\000i\000f\000t}{chapter.84}% 26
\BOOKMARK [0][-]{chapter.111}{\376\377\0006\000\040\000F\000i\000n\000a\000l\000\040\000F\000o\000r\000m\000\040\000o\000f\000\040\000t\000h\000e\000\040\000A\000l\000g\000o\000r\000i\000t\000h\000m}{}% 27
\BOOKMARK [0][-]{chapter.135}{\376\377\0007\000\040\000C\000o\000m\000p\000a\000r\000i\000s\000o\000n\000\040\000W\000i\000t\000h\000\040\000O\000t\000h\000e\000r\000\040\000A\000l\000g\000o\000r\000i\000t\000h\000m\000s}{}% 28
\BOOKMARK [0][-]{chapter.138}{\376\377\0008\000\040\000B\000i\000b\000l\000i\000o\000g\000r\000a\000p\000h\000y}{}% 29
